[debug] [2024-05-03T05:39:55.739Z] ----------------------------------------------------------------------
[debug] [2024-05-03T05:39:55.744Z] Command:       C:\Program Files\nodejs\node.exe C:\Users\BARBARA\AppData\Roaming\npm\node_modules\firebase-tools\lib\bin\firebase.js login
[debug] [2024-05-03T05:39:55.745Z] CLI Version:   13.8.0
[debug] [2024-05-03T05:39:55.745Z] Platform:      win32
[debug] [2024-05-03T05:39:55.745Z] Node Version:  v20.12.2
[debug] [2024-05-03T05:39:55.745Z] Time:          Fri May 03 2024 00:39:55 GMT-0500 (hora estándar de Perú)
[debug] [2024-05-03T05:39:55.745Z] ----------------------------------------------------------------------
[debug] 
[info] i  Firebase optionally collects CLI and Emulator Suite usage and error reporting information to help improve our products. Data is collected in accordance with Google's privacy policy (https://policies.google.com/privacy) and is not used to identify you.
 
[info] i  To change your data collection preference at any time, run `firebase logout` and log in again. 
[info] 
[info] Visit this URL on this device to log in:
[info] https://accounts.google.com/o/oauth2/auth?client_id=563584335869-fgrhgmd47bqnekij5i8b5pr03ho849e6.apps.googleusercontent.com&scope=email%20openid%20https%3A%2F%2Fwww.googleapis.com%2Fauth%2Fcloudplatformprojects.readonly%20https%3A%2F%2Fwww.googleapis.com%2Fauth%2Ffirebase%20https%3A%2F%2Fwww.googleapis.com%2Fauth%2Fcloud-platform&response_type=code&state=634448970&redirect_uri=http%3A%2F%2Flocalhost%3A9005
[info] 
[info] Waiting for authentication...
[debug] [2024-05-03T05:40:26.037Z] Unable to open URL: Error: spawn UNKNOWN
    at ChildProcess.spawn (node:internal/child_process:421:11)
    at Object.spawn (node:child_process:761:9)
    at module.exports (C:\Users\BARBARA\AppData\Roaming\npm\node_modules\firebase-tools\node_modules\open\index.js:114:34)
    at open (C:\Users\BARBARA\AppData\Roaming\npm\node_modules\firebase-tools\lib\auth.js:137:5)
    at Server.<anonymous> (C:\Users\BARBARA\AppData\Roaming\npm\node_modules\firebase-tools\lib\auth.js:369:13)
    at Object.onceWrapper (node:events:632:28)
    at Server.emit (node:events:530:35)
    at Server.emit (node:domain:488:12)
    at emitListeningNT (node:net:1931:10)
    at process.processTicksAndRejections (node:internal/process/task_queues:81:21)
[debug] [2024-05-03T05:41:07.852Z] >>> [apiv2][query] POST https://accounts.google.com/o/oauth2/token [none]
[debug] [2024-05-03T05:41:07.852Z] >>> [apiv2][body] POST https://accounts.google.com/o/oauth2/token [omitted]
[debug] [2024-05-03T05:41:08.310Z] <<< [apiv2][status] POST https://accounts.google.com/o/oauth2/token 200
[debug] [2024-05-03T05:41:08.310Z] <<< [apiv2][body] POST https://accounts.google.com/o/oauth2/token [omitted]
[debug] [2024-05-03T05:41:08.576Z] Error: EPERM: operation not permitted, rename 'C:\Users\BARBARA\.config\configstore\firebase-tools.json.4205747822' -> 'C:\Users\BARBARA\.config\configstore\firebase-tools.json'
    at Object.renameSync (node:fs:1031:11)
    at Function.writeFileSync [as sync] (C:\Users\BARBARA\AppData\Roaming\npm\node_modules\firebase-tools\node_modules\write-file-atomic\index.js:244:8)
    at set all [as all] (C:\Users\BARBARA\AppData\Roaming\npm\node_modules\firebase-tools\node_modules\configstore\index.js:61:20)
    at Configstore.set (C:\Users\BARBARA\AppData\Roaming\npm\node_modules\firebase-tools\node_modules\configstore\index.js:91:12)
    at Command.actionFn (C:\Users\BARBARA\AppData\Roaming\npm\node_modules\firebase-tools\lib\commands\login.js:46:31)
[error] 
[error] Error: An unexpected error has occurred.
[debug] [2024-05-03T05:41:29.754Z] ----------------------------------------------------------------------
[debug] [2024-05-03T05:41:29.760Z] Command:       C:\Program Files\nodejs\node.exe C:\Users\BARBARA\AppData\Roaming\npm\node_modules\firebase-tools\lib\bin\firebase.js init
[debug] [2024-05-03T05:41:29.761Z] CLI Version:   13.8.0
[debug] [2024-05-03T05:41:29.762Z] Platform:      win32
[debug] [2024-05-03T05:41:29.762Z] Node Version:  v20.12.2
[debug] [2024-05-03T05:41:29.762Z] Time:          Fri May 03 2024 00:41:29 GMT-0500 (hora estándar de Perú)
[debug] [2024-05-03T05:41:29.762Z] ----------------------------------------------------------------------
[debug] 
[debug] [2024-05-03T05:41:29.930Z] > command requires scopes: ["email","openid","https://www.googleapis.com/auth/cloudplatformprojects.readonly","https://www.googleapis.com/auth/firebase","https://www.googleapis.com/auth/cloud-platform"]
[debug] [2024-05-03T05:41:29.931Z] > authorizing via signed-in user (barbaraquezadaqp@gmail.com)
[info] 
     ######## #### ########  ######## ########     ###     ######  ########
     ##        ##  ##     ## ##       ##     ##  ##   ##  ##       ##
     ######    ##  ########  ######   ########  #########  ######  ######
     ##        ##  ##    ##  ##       ##     ## ##     ##       ## ##
     ##       #### ##     ## ######## ########  ##     ##  ######  ########

You're about to initialize a Firebase project in this directory:

  C:\Users\BARBARA\Desktop\tp-mindcare\si729-2401-ws51-grupo-3\mindcare-front

Before we get started, keep in mind:

  * You are initializing within an existing Firebase project directory

[info] 
=== Project Setup
[info] 
[info] First, let's associate this project directory with a Firebase project.
[info] You can create multiple project aliases by running firebase use --add, 
[info] but for now we'll just set up a default project.
[info] 
[debug] [2024-05-03T05:43:18.342Z] Using project from CLI flag: daos-codigo-mindcare
[debug] [2024-05-03T05:43:18.345Z] >>> [apiv2][query] GET https://firebase.googleapis.com/v1beta1/projects/daos-codigo-mindcare [none]
[debug] [2024-05-03T05:43:18.975Z] <<< [apiv2][status] GET https://firebase.googleapis.com/v1beta1/projects/daos-codigo-mindcare 403
[debug] [2024-05-03T05:43:18.975Z] <<< [apiv2][body] GET https://firebase.googleapis.com/v1beta1/projects/daos-codigo-mindcare {"error":{"code":403,"message":"The caller does not have permission","status":"PERMISSION_DENIED"}}
[debug] [2024-05-03T05:43:18.976Z] HTTP Error: 403, The caller does not have permission
[debug] [2024-05-03T05:43:19.192Z] FirebaseError: HTTP Error: 403, The caller does not have permission
    at responseToError (C:\Users\BARBARA\AppData\Roaming\npm\node_modules\firebase-tools\lib\responseToError.js:49:12)
    at RetryOperation._fn (C:\Users\BARBARA\AppData\Roaming\npm\node_modules\firebase-tools\lib\apiv2.js:305:77)
    at process.processTicksAndRejections (node:internal/process/task_queues:95:5)
[error] 
[error] Error: Failed to get Firebase project daos-codigo-mindcare. Please make sure the project exists and your account has permission to access it.
